<?xml version="1.0" encoding="UTF-8"?>
<!-- Generated by org.testng.reporters.JUnitReportReporter -->
<testsuite hostname="GovindLinux" failures="0" tests="2" name="Org.Test.SeleniumOpenBrowser.parallelExecution" time="9.138" errors="0" timestamp="2022-12-07T16:48:06 EST" skipped="0">
  <testcase classname="Org.Test.SeleniumOpenBrowser.parallelExecution" name="preCondition" time="6.718"/>
  <system-out/>
  <testcase classname="Org.Test.SeleniumOpenBrowser.parallelExecution" name="preCondition" time="2.420"/>
  <system-out/>
</testsuite> <!-- Org.Test.SeleniumOpenBrowser.parallelExecution -->
